<?xml version="1.0" encoding="UTF-8"?>
<testsuite xmlns:xsi="http://www.w3.org/2001/XMLSchema-instance" xsi:noNamespaceSchemaLocation="https://maven.apache.org/surefire/maven-surefire-plugin/xsd/surefire-test-report-3.0.xsd" version="3.0" name="InjectedTest" time="10.125" tests="23" errors="0" skipped="0" failures="0">
  <properties>
    <property name="sun.desktop" value="windows"/>
    <property name="awt.toolkit" value="sun.awt.windows.WToolkit"/>
    <property name="java.specification.version" value="11"/>
    <property name="sun.cpu.isalist" value="amd64"/>
    <property name="sun.jnu.encoding" value="Cp1252"/>
    <property name="java.class.path" value="C:\dev\Java_Dev\Hello-world-plugin\hello-world-pipeline\demo\target\test-classes;C:\dev\Java_Dev\Hello-world-plugin\hello-world-pipeline\demo\target\classes;C:\Users\bpokorny\.m2\repository\org\jenkins-ci\plugins\structs\324.va_f5d6774f3a_d\structs-324.va_f5d6774f3a_d.jar;C:\Users\bpokorny\.m2\repository\org\jenkins-ci\plugins\workflow\workflow-basic-steps\1017.vb_45b_302f0cea_\workflow-basic-steps-1017.vb_45b_302f0cea_.jar;C:\Users\bpokorny\.m2\repository\org\jenkins-ci\plugins\workflow\workflow-step-api\639.v6eca_cd8c04a_a_\workflow-step-api-639.v6eca_cd8c04a_a_.jar;C:\Users\bpokorny\.m2\repository\org\jenkins-ci\plugins\mailer\457.v3f72cb_e015e5\mailer-457.v3f72cb_e015e5.jar;C:\Users\bpokorny\.m2\repository\org\jenkins-ci\plugins\display-url-api\2.3.7\display-url-api-2.3.7.jar;C:\Users\bpokorny\.m2\repository\org\jenkins-ci\modules\instance-identity\173.va_37c494ec4e5\instance-identity-173.va_37c494ec4e5.jar;C:\Users\bpokorny\.m2\repository\org\jenkins-ci\plugins\bouncycastle-api\2.29\bouncycastle-api-2.29.jar;C:\Users\bpokorny\.m2\repository\org\bouncycastle\bcpkix-jdk18on\1.75\bcpkix-jdk18on-1.75.jar;C:\Users\bpokorny\.m2\repository\org\bouncycastle\bcprov-jdk18on\1.75\bcprov-jdk18on-1.75.jar;C:\Users\bpokorny\.m2\repository\org\bouncycastle\bcutil-jdk18on\1.75\bcutil-jdk18on-1.75.jar;C:\Users\bpokorny\.m2\repository\org\jenkins-ci\plugins\workflow\workflow-api\1251.vd4889a_b_0a_065\workflow-api-1251.vd4889a_b_0a_065.jar;C:\Users\bpokorny\.m2\repository\org\jenkins-ci\plugins\apache-httpcomponents-client-4-api\4.5.14-150.v7a_b_9d17134a_5\apache-httpcomponents-client-4-api-4.5.14-150.v7a_b_9d17134a_5.jar;C:\Users\bpokorny\.m2\repository\org\apache\httpcomponents\httpcore\4.4.16\httpcore-4.4.16.jar;C:\Users\bpokorny\.m2\repository\org\apache\httpcomponents\httpcore-nio\4.4.16\httpcore-nio-4.4.16.jar;C:\Users\bpokorny\.m2\repository\org\apache\httpcomponents\httpclient\4.5.14\httpclient-4.5.14.jar;C:\Users\bpokorny\.m2\repository\org\apache\httpcomponents\httpmime\4.5.14\httpmime-4.5.14.jar;C:\Users\bpokorny\.m2\repository\org\apache\httpcomponents\fluent-hc\4.5.14\fluent-hc-4.5.14.jar;C:\Users\bpokorny\.m2\repository\org\apache\httpcomponents\httpclient-cache\4.5.14\httpclient-cache-4.5.14.jar;C:\Users\bpokorny\.m2\repository\org\apache\httpcomponents\httpasyncclient\4.1.5\httpasyncclient-4.1.5.jar;C:\Users\bpokorny\.m2\repository\org\apache\httpcomponents\httpasyncclient-cache\4.1.5\httpasyncclient-cache-4.1.5.jar;C:\Users\bpokorny\.m2\repository\io\jenkins\plugins\jakarta-mail-api\2.0.1-3\jakarta-mail-api-2.0.1-3.jar;C:\Users\bpokorny\.m2\repository\com\sun\mail\jakarta.mail\2.0.1\jakarta.mail-2.0.1.jar;C:\Users\bpokorny\.m2\repository\io\jenkins\plugins\jakarta-activation-api\2.0.1-3\jakarta-activation-api-2.0.1-3.jar;C:\Users\bpokorny\.m2\repository\com\sun\activation\jakarta.activation\2.0.1\jakarta.activation-2.0.1.jar;C:\Users\bpokorny\.m2\repository\org\jenkins-ci\plugins\workflow\workflow-cps\3726.v83f8cff396c9\workflow-cps-3726.v83f8cff396c9.jar;C:\Users\bpokorny\.m2\repository\io\jenkins\plugins\ionicons-api\56.v1b_1c8c49374e\ionicons-api-56.v1b_1c8c49374e.jar;C:\Users\bpokorny\.m2\repository\org\jenkins-ci\plugins\workflow\workflow-support\848.v5a_383b_d14921\workflow-support-848.v5a_383b_d14921.jar;C:\Users\bpokorny\.m2\repository\io\jenkins\plugins\caffeine-api\3.1.6-115.vb_8b_b_328e59d8\caffeine-api-3.1.6-115.vb_8b_b_328e59d8.jar;C:\Users\bpokorny\.m2\repository\com\github\ben-manes\caffeine\caffeine\3.1.6\caffeine-3.1.6.jar;C:\Users\bpokorny\.m2\repository\org\jboss\marshalling\jboss-marshalling-river\2.1.0.Final\jboss-marshalling-river-2.1.0.Final.jar;C:\Users\bpokorny\.m2\repository\org\jboss\marshalling\jboss-marshalling\2.1.0.Final\jboss-marshalling-2.1.0.Final.jar;C:\Users\bpokorny\.m2\repository\org\jenkins-ci\plugins\workflow\workflow-scm-step\415.v434365564324\workflow-scm-step-415.v434365564324.jar;C:\Users\bpokorny\.m2\repository\org\jenkins-ci\plugins\script-security\1251.vfe552ed55f8d\script-security-1251.vfe552ed55f8d.jar;C:\Users\bpokorny\.m2\repository\org\kohsuke\groovy-sandbox\1.33\groovy-sandbox-1.33.jar;C:\Users\bpokorny\.m2\repository\org\jenkins-ci\plugins\scm-api\676.v886669a_199a_a_\scm-api-676.v886669a_199a_a_.jar;C:\Users\bpokorny\.m2\repository\com\cloudbees\groovy-cps\3726.v83f8cff396c9\groovy-cps-3726.v83f8cff396c9.jar;C:\Users\bpokorny\.m2\repository\com\cloudbees\diff4j\1.3\diff4j-1.3.jar;C:\Users\bpokorny\.m2\repository\org\jenkins-ci\plugins\workflow\workflow-durable-task-step\1275.vb_30a_a_ca_96879\workflow-durable-task-step-1275.vb_30a_a_ca_96879.jar;C:\Users\bpokorny\.m2\repository\org\jenkins-ci\plugins\durable-task\513.vc48a_a_075a_d93\durable-task-513.vc48a_a_075a_d93.jar;C:\Users\bpokorny\.m2\repository\io\jenkins\plugins\lib-durable-task\40.vc66cf8fb_4613\lib-durable-task-40.vc66cf8fb_4613.jar;C:\Users\bpokorny\.m2\repository\org\jenkins-ci\plugins\workflow\workflow-job\1316.vd2290d3341a_f\workflow-job-1316.vd2290d3341a_f.jar;C:\Users\bpokorny\.m2\repository\org\jenkins-ci\main\jenkins-core\2.387.3\jenkins-core-2.387.3.jar;C:\Users\bpokorny\.m2\repository\org\jenkins-ci\main\cli\2.387.3\cli-2.387.3.jar;C:\Users\bpokorny\.m2\repository\org\jenkins-ci\main\remoting\3107.v665000b_51092\remoting-3107.v665000b_51092.jar;C:\Users\bpokorny\.m2\repository\args4j\args4j\2.33\args4j-2.33.jar;C:\Users\bpokorny\.m2\repository\com\github\spotbugs\spotbugs-annotations\4.7.3\spotbugs-annotations-4.7.3.jar;C:\Users\bpokorny\.m2\repository\com\google\guava\guava\31.1-jre\guava-31.1-jre.jar;C:\Users\bpokorny\.m2\repository\com\google\guava\failureaccess\1.0.1\failureaccess-1.0.1.jar;C:\Users\bpokorny\.m2\repository\com\google\guava\listenablefuture\9999.0-empty-to-avoid-conflict-with-guava\listenablefuture-9999.0-empty-to-avoid-conflict-with-guava.jar;C:\Users\bpokorny\.m2\repository\com\google\code\findbugs\jsr305\3.0.1\jsr305-3.0.1.jar;C:\Users\bpokorny\.m2\repository\com\google\inject\guice\5.1.0\guice-5.1.0.jar;C:\Users\bpokorny\.m2\repository\javax\inject\javax.inject\1\javax.inject-1.jar;C:\Users\bpokorny\.m2\repository\com\infradna\tool\bridge-method-annotation\1.25\bridge-method-annotation-1.25.jar;C:\Users\bpokorny\.m2\repository\com\jcraft\jzlib\1.1.3-kohsuke-1\jzlib-1.1.3-kohsuke-1.jar;C:\Users\bpokorny\.m2\repository\com\sun\solaris\embedded_su4j\1.1\embedded_su4j-1.1.jar;C:\Users\bpokorny\.m2\repository\com\sun\xml\txw2\txw2\20110809\txw2-20110809.jar;C:\Users\bpokorny\.m2\repository\relaxngDatatype\relaxngDatatype\20020414\relaxngDatatype-20020414.jar;C:\Users\bpokorny\.m2\repository\com\thoughtworks\xstream\xstream\1.4.20\xstream-1.4.20.jar;C:\Users\bpokorny\.m2\repository\io\github\x-stream\mxparser\1.2.2\mxparser-1.2.2.jar;C:\Users\bpokorny\.m2\repository\commons-beanutils\commons-beanutils\1.9.4\commons-beanutils-1.9.4.jar;C:\Users\bpokorny\.m2\repository\commons-codec\commons-codec\1.15\commons-codec-1.15.jar;C:\Users\bpokorny\.m2\repository\commons-collections\commons-collections\3.2.2\commons-collections-3.2.2.jar;C:\Users\bpokorny\.m2\repository\commons-fileupload\commons-fileupload\1.5\commons-fileupload-1.5.jar;C:\Users\bpokorny\.m2\repository\commons-io\commons-io\2.11.0\commons-io-2.11.0.jar;C:\Users\bpokorny\.m2\repository\commons-jelly\commons-jelly-tags-fmt\1.0\commons-jelly-tags-fmt-1.0.jar;C:\Users\bpokorny\.m2\repository\commons-jelly\commons-jelly-tags-xml\1.1\commons-jelly-tags-xml-1.1.jar;C:\Users\bpokorny\.m2\repository\commons-lang\commons-lang\2.6\commons-lang-2.6.jar;C:\Users\bpokorny\.m2\repository\io\jenkins\stapler\jenkins-stapler-support\1.1\jenkins-stapler-support-1.1.jar;C:\Users\bpokorny\.m2\repository\jakarta\servlet\jsp\jstl\jakarta.servlet.jsp.jstl-api\1.2.7\jakarta.servlet.jsp.jstl-api-1.2.7.jar;C:\Users\bpokorny\.m2\repository\jaxen\jaxen\2.0.0\jaxen-2.0.0.jar;C:\Users\bpokorny\.m2\repository\jline\jline\2.14.6\jline-2.14.6.jar;C:\Users\bpokorny\.m2\repository\net\java\dev\jna\jna\5.12.1\jna-5.12.1.jar;C:\Users\bpokorny\.m2\repository\net\java\sezpoz\sezpoz\1.13\sezpoz-1.13.jar;C:\Users\bpokorny\.m2\repository\net\jcip\jcip-annotations\1.0\jcip-annotations-1.0.jar;C:\Users\bpokorny\.m2\repository\net\sf\kxml\kxml2\2.3.0\kxml2-2.3.0.jar;C:\Users\bpokorny\.m2\repository\org\antlr\antlr4-runtime\4.11.1\antlr4-runtime-4.11.1.jar;C:\Users\bpokorny\.m2\repository\org\apache\ant\ant\1.10.12\ant-1.10.12.jar;C:\Users\bpokorny\.m2\repository\org\apache\ant\ant-launcher\1.10.12\ant-launcher-1.10.12.jar;C:\Users\bpokorny\.m2\repository\org\apache\commons\commons-compress\1.22\commons-compress-1.22.jar;C:\Users\bpokorny\.m2\repository\org\codehaus\groovy\groovy-all\2.4.21\groovy-all-2.4.21.jar;C:\Users\bpokorny\.m2\repository\org\connectbot\jbcrypt\jbcrypt\1.0.0\jbcrypt-1.0.0.jar;C:\Users\bpokorny\.m2\repository\org\fusesource\jansi\jansi\1.11\jansi-1.11.jar;C:\Users\bpokorny\.m2\repository\org\jenkins-ci\annotation-indexer\1.17\annotation-indexer-1.17.jar;C:\Users\bpokorny\.m2\repository\org\jenkins-ci\commons-jexl\1.1-jenkins-20111212\commons-jexl-1.1-jenkins-20111212.jar;C:\Users\bpokorny\.m2\repository\org\jenkins-ci\crypto-util\1.8\crypto-util-1.8.jar;C:\Users\bpokorny\.m2\repository\org\jenkins-ci\memory-monitor\1.12\memory-monitor-1.12.jar;C:\Users\bpokorny\.m2\repository\org\jenkins-ci\symbol-annotation\1.24\symbol-annotation-1.24.jar;C:\Users\bpokorny\.m2\repository\org\jenkins-ci\task-reactor\1.8\task-reactor-1.8.jar;C:\Users\bpokorny\.m2\repository\org\jenkins-ci\version-number\1.11\version-number-1.11.jar;C:\Users\bpokorny\.m2\repository\org\jenkins-ci\main\websocket-spi\2.387.3\websocket-spi-2.387.3.jar;C:\Users\bpokorny\.m2\repository\org\jfree\jfreechart\1.0.19\jfreechart-1.0.19.jar;C:\Users\bpokorny\.m2\repository\org\jfree\jcommon\1.0.23\jcommon-1.0.23.jar;C:\Users\bpokorny\.m2\repository\org\jvnet\hudson\commons-jelly-tags-define\1.0.1-hudson-20071021\commons-jelly-tags-define-1.0.1-hudson-20071021.jar;C:\Users\bpokorny\.m2\repository\org\jvnet\localizer\localizer\1.31\localizer-1.31.jar;C:\Users\bpokorny\.m2\repository\org\jvnet\robust-http-client\robust-http-client\1.2\robust-http-client-1.2.jar;C:\Users\bpokorny\.m2\repository\org\jvnet\winp\winp\1.30\winp-1.30.jar;C:\Users\bpokorny\.m2\repository\org\kohsuke\access-modifier-annotation\1.30\access-modifier-annotation-1.30.jar;C:\Users\bpokorny\.m2\repository\org\kohsuke\windows-package-checker\1.2\windows-package-checker-1.2.jar;C:\Users\bpokorny\.m2\repository\org\kohsuke\jinterop\j-interop\2.0.8-kohsuke-1\j-interop-2.0.8-kohsuke-1.jar;C:\Users\bpokorny\.m2\repository\org\kohsuke\jinterop\j-interopdeps\2.0.8-kohsuke-1\j-interopdeps-2.0.8-kohsuke-1.jar;C:\Users\bpokorny\.m2\repository\org\samba\jcifs\jcifs\1.3.18-kohsuke-1\jcifs-1.3.18-kohsuke-1.jar;C:\Users\bpokorny\.m2\repository\org\kohsuke\stapler\json-lib\2.4-jenkins-3\json-lib-2.4-jenkins-3.jar;C:\Users\bpokorny\.m2\repository\net\sf\ezmorph\ezmorph\1.0.6\ezmorph-1.0.6.jar;C:\Users\bpokorny\.m2\repository\org\kohsuke\stapler\stapler\1756.1758.v13fcdc2c8c34\stapler-1756.1758.v13fcdc2c8c34.jar;C:\Users\bpokorny\.m2\repository\commons-discovery\commons-discovery\0.5\commons-discovery-0.5.jar;C:\Users\bpokorny\.m2\repository\jakarta\annotation\jakarta.annotation-api\2.1.1\jakarta.annotation-api-2.1.1.jar;C:\Users\bpokorny\.m2\repository\javax\annotation\javax.annotation-api\1.3.2\javax.annotation-api-1.3.2.jar;C:\Users\bpokorny\.m2\repository\org\jvnet\tiger-types\2.2\tiger-types-2.2.jar;C:\Users\bpokorny\.m2\repository\org\kohsuke\stapler\stapler-adjunct-codemirror\1.3\stapler-adjunct-codemirror-1.3.jar;C:\Users\bpokorny\.m2\repository\org\kohsuke\stapler\stapler-adjunct-timeline\1.5\stapler-adjunct-timeline-1.5.jar;C:\Users\bpokorny\.m2\repository\org\kohsuke\stapler\stapler-groovy\1756.1758.v13fcdc2c8c34\stapler-groovy-1756.1758.v13fcdc2c8c34.jar;C:\Users\bpokorny\.m2\repository\org\kohsuke\stapler\stapler-jelly\1756.1758.v13fcdc2c8c34\stapler-jelly-1756.1758.v13fcdc2c8c34.jar;C:\Users\bpokorny\.m2\repository\org\dom4j\dom4j\2.1.3\dom4j-2.1.3.jar;C:\Users\bpokorny\.m2\repository\org\jenkins-ci\commons-jelly\1.1-jenkins-20220630\commons-jelly-1.1-jenkins-20220630.jar;C:\Users\bpokorny\.m2\repository\org\ow2\asm\asm\9.4\asm-9.4.jar;C:\Users\bpokorny\.m2\repository\org\ow2\asm\asm-analysis\9.4\asm-analysis-9.4.jar;C:\Users\bpokorny\.m2\repository\org\ow2\asm\asm-commons\9.4\asm-commons-9.4.jar;C:\Users\bpokorny\.m2\repository\org\ow2\asm\asm-tree\9.4\asm-tree-9.4.jar;C:\Users\bpokorny\.m2\repository\org\ow2\asm\asm-util\9.4\asm-util-9.4.jar;C:\Users\bpokorny\.m2\repository\org\slf4j\jcl-over-slf4j\2.0.6\jcl-over-slf4j-2.0.6.jar;C:\Users\bpokorny\.m2\repository\org\slf4j\slf4j-api\2.0.6\slf4j-api-2.0.6.jar;C:\Users\bpokorny\.m2\repository\org\slf4j\log4j-over-slf4j\2.0.6\log4j-over-slf4j-2.0.6.jar;C:\Users\bpokorny\.m2\repository\org\springframework\security\spring-security-web\5.8.1\spring-security-web-5.8.1.jar;C:\Users\bpokorny\.m2\repository\org\springframework\security\spring-security-core\5.8.1\spring-security-core-5.8.1.jar;C:\Users\bpokorny\.m2\repository\org\springframework\security\spring-security-crypto\5.8.1\spring-security-crypto-5.8.1.jar;C:\Users\bpokorny\.m2\repository\org\springframework\spring-core\5.3.24\spring-core-5.3.24.jar;C:\Users\bpokorny\.m2\repository\org\springframework\spring-aop\5.3.24\spring-aop-5.3.24.jar;C:\Users\bpokorny\.m2\repository\org\springframework\spring-beans\5.3.24\spring-beans-5.3.24.jar;C:\Users\bpokorny\.m2\repository\org\springframework\spring-context\5.3.24\spring-context-5.3.24.jar;C:\Users\bpokorny\.m2\repository\org\springframework\spring-expression\5.3.24\spring-expression-5.3.24.jar;C:\Users\bpokorny\.m2\repository\org\springframework\spring-web\5.3.24\spring-web-5.3.24.jar;C:\Users\bpokorny\.m2\repository\xpp3\xpp3\1.1.4c\xpp3-1.1.4c.jar;C:\Users\bpokorny\.m2\repository\org\jenkins-ci\main\jenkins-war\2.387.3\jenkins-war-2.387.3.war;C:\Users\bpokorny\.m2\repository\org\jenkins-ci\main\websocket-jetty10\2.387.3\websocket-jetty10-2.387.3.jar;C:\Users\bpokorny\.m2\repository\org\kohsuke\metainf-services\metainf-services\1.9\metainf-services-1.9.jar;C:\Users\bpokorny\.m2\repository\org\jenkins-ci\main\websocket-jetty9\2.387.3\websocket-jetty9-2.387.3.jar;C:\Users\bpokorny\.m2\repository\org\slf4j\slf4j-jdk14\2.0.6\slf4j-jdk14-2.0.6.jar;C:\Users\bpokorny\.m2\repository\jakarta\servlet\jakarta.servlet-api\4.0.4\jakarta.servlet-api-4.0.4.jar;C:\Users\bpokorny\.m2\repository\commons-logging\commons-logging\1.2\commons-logging-1.2.jar;C:\Users\bpokorny\.m2\repository\org\jenkins-ci\main\jenkins-test-harness\2034.v41c9cb_349299\jenkins-test-harness-2034.v41c9cb_349299.jar;C:\Users\bpokorny\.m2\repository\io\jenkins\lib\support-log-formatter\1.2\support-log-formatter-1.2.jar;C:\Users\bpokorny\.m2\repository\junit\junit\4.13.2\junit-4.13.2.jar;C:\Users\bpokorny\.m2\repository\org\hamcrest\hamcrest-core\2.2\hamcrest-core-2.2.jar;C:\Users\bpokorny\.m2\repository\org\eclipse\jetty\jetty-security\10.0.15\jetty-security-10.0.15.jar;C:\Users\bpokorny\.m2\repository\org\eclipse\jetty\jetty-server\10.0.15\jetty-server-10.0.15.jar;C:\Users\bpokorny\.m2\repository\org\eclipse\jetty\jetty-http\10.0.15\jetty-http-10.0.15.jar;C:\Users\bpokorny\.m2\repository\org\eclipse\jetty\jetty-io\10.0.15\jetty-io-10.0.15.jar;C:\Users\bpokorny\.m2\repository\org\eclipse\jetty\jetty-webapp\10.0.15\jetty-webapp-10.0.15.jar;C:\Users\bpokorny\.m2\repository\org\eclipse\jetty\jetty-servlet\10.0.15\jetty-servlet-10.0.15.jar;C:\Users\bpokorny\.m2\repository\org\eclipse\jetty\jetty-xml\10.0.15\jetty-xml-10.0.15.jar;C:\Users\bpokorny\.m2\repository\org\eclipse\jetty\jetty-util\10.0.15\jetty-util-10.0.15.jar;C:\Users\bpokorny\.m2\repository\org\eclipse\jetty\websocket\websocket-jetty-server\10.0.15\websocket-jetty-server-10.0.15.jar;C:\Users\bpokorny\.m2\repository\org\eclipse\jetty\websocket\websocket-jetty-api\10.0.15\websocket-jetty-api-10.0.15.jar;C:\Users\bpokorny\.m2\repository\org\eclipse\jetty\websocket\websocket-jetty-common\10.0.15\websocket-jetty-common-10.0.15.jar;C:\Users\bpokorny\.m2\repository\org\eclipse\jetty\websocket\websocket-core-common\10.0.15\websocket-core-common-10.0.15.jar;C:\Users\bpokorny\.m2\repository\org\eclipse\jetty\websocket\websocket-servlet\10.0.15\websocket-servlet-10.0.15.jar;C:\Users\bpokorny\.m2\repository\org\eclipse\jetty\websocket\websocket-core-server\10.0.15\websocket-core-server-10.0.15.jar;C:\Users\bpokorny\.m2\repository\org\eclipse\jetty\toolchain\jetty-servlet-api\4.0.6\jetty-servlet-api-4.0.6.jar;C:\Users\bpokorny\.m2\repository\org\hamcrest\hamcrest\2.2\hamcrest-2.2.jar;C:\Users\bpokorny\.m2\repository\org\jenkins-ci\main\jenkins-test-harness-htmlunit\147.va_2415a_7c06a_0\jenkins-test-harness-htmlunit-147.va_2415a_7c06a_0.jar;C:\Users\bpokorny\.m2\repository\org\junit\jupiter\junit-jupiter-api\5.9.3\junit-jupiter-api-5.9.3.jar;C:\Users\bpokorny\.m2\repository\org\opentest4j\opentest4j\1.2.0\opentest4j-1.2.0.jar;C:\Users\bpokorny\.m2\repository\org\junit\platform\junit-platform-commons\1.9.3\junit-platform-commons-1.9.3.jar;C:\Users\bpokorny\.m2\repository\org\netbeans\modules\org-netbeans-insane\RELEASE180\org-netbeans-insane-RELEASE180.jar;C:\Users\bpokorny\.m2\repository\org\openjdk\jmh\jmh-core\1.36\jmh-core-1.36.jar;C:\Users\bpokorny\.m2\repository\net\sf\jopt-simple\jopt-simple\5.0.4\jopt-simple-5.0.4.jar;C:\Users\bpokorny\.m2\repository\org\apache\commons\commons-math3\3.2\commons-math3-3.2.jar;C:\Users\bpokorny\.m2\repository\org\openjdk\jmh\jmh-generator-annprocess\1.36\jmh-generator-annprocess-1.36.jar;C:\Users\bpokorny\.m2\repository\org\jenkins-ci\test-annotations\1.4\test-annotations-1.4.jar;C:\Users\bpokorny\.m2\repository\org\junit\jupiter\junit-jupiter\5.9.3\junit-jupiter-5.9.3.jar;C:\Users\bpokorny\.m2\repository\org\junit\jupiter\junit-jupiter-params\5.9.3\junit-jupiter-params-5.9.3.jar;C:\Users\bpokorny\.m2\repository\org\junit\jupiter\junit-jupiter-engine\5.9.3\junit-jupiter-engine-5.9.3.jar;C:\Users\bpokorny\.m2\repository\org\junit\vintage\junit-vintage-engine\5.9.3\junit-vintage-engine-5.9.3.jar;C:\Users\bpokorny\.m2\repository\org\junit\platform\junit-platform-engine\1.9.3\junit-platform-engine-1.9.3.jar;C:\Users\bpokorny\.m2\repository\org\apiguardian\apiguardian-api\1.1.2\apiguardian-api-1.1.2.jar;"/>
    <property name="java.vm.vendor" value="Eclipse Adoptium"/>
    <property name="sun.arch.data.model" value="64"/>
    <property name="user.variant" value=""/>
    <property name="java.vendor.url" value="https://adoptium.net/"/>
    <property name="user.timezone" value="America/Chicago"/>
    <property name="java.vm.specification.version" value="11"/>
    <property name="os.name" value="Windows 10"/>
    <property name="sun.java.launcher" value="SUN_STANDARD"/>
    <property name="user.country" value="US"/>
    <property name="sun.boot.library.path" value="C:\Program Files\Eclipse Adoptium\jdk-11.0.19.7-hotspot\bin"/>
    <property name="sun.java.command" value="C:\Users\bpokorny\AppData\Local\Temp\surefire5842557439920270867\surefirebooter-20230816104204010_3.jar C:\Users\bpokorny\AppData\Local\Temp\surefire5842557439920270867 2023-08-16T10-42-01_969-jvmRun1 surefire-20230816104204010_1tmp surefire_0-20230816104204010_2tmp"/>
    <property name="jdk.debug" value="release"/>
    <property name="surefire.test.class.path" value="C:\dev\Java_Dev\Hello-world-plugin\hello-world-pipeline\demo\target\test-classes;C:\dev\Java_Dev\Hello-world-plugin\hello-world-pipeline\demo\target\classes;C:\Users\bpokorny\.m2\repository\org\jenkins-ci\plugins\structs\324.va_f5d6774f3a_d\structs-324.va_f5d6774f3a_d.jar;C:\Users\bpokorny\.m2\repository\org\jenkins-ci\plugins\workflow\workflow-basic-steps\1017.vb_45b_302f0cea_\workflow-basic-steps-1017.vb_45b_302f0cea_.jar;C:\Users\bpokorny\.m2\repository\org\jenkins-ci\plugins\workflow\workflow-step-api\639.v6eca_cd8c04a_a_\workflow-step-api-639.v6eca_cd8c04a_a_.jar;C:\Users\bpokorny\.m2\repository\org\jenkins-ci\plugins\mailer\457.v3f72cb_e015e5\mailer-457.v3f72cb_e015e5.jar;C:\Users\bpokorny\.m2\repository\org\jenkins-ci\plugins\display-url-api\2.3.7\display-url-api-2.3.7.jar;C:\Users\bpokorny\.m2\repository\org\jenkins-ci\modules\instance-identity\173.va_37c494ec4e5\instance-identity-173.va_37c494ec4e5.jar;C:\Users\bpokorny\.m2\repository\org\jenkins-ci\plugins\bouncycastle-api\2.29\bouncycastle-api-2.29.jar;C:\Users\bpokorny\.m2\repository\org\bouncycastle\bcpkix-jdk18on\1.75\bcpkix-jdk18on-1.75.jar;C:\Users\bpokorny\.m2\repository\org\bouncycastle\bcprov-jdk18on\1.75\bcprov-jdk18on-1.75.jar;C:\Users\bpokorny\.m2\repository\org\bouncycastle\bcutil-jdk18on\1.75\bcutil-jdk18on-1.75.jar;C:\Users\bpokorny\.m2\repository\org\jenkins-ci\plugins\workflow\workflow-api\1251.vd4889a_b_0a_065\workflow-api-1251.vd4889a_b_0a_065.jar;C:\Users\bpokorny\.m2\repository\org\jenkins-ci\plugins\apache-httpcomponents-client-4-api\4.5.14-150.v7a_b_9d17134a_5\apache-httpcomponents-client-4-api-4.5.14-150.v7a_b_9d17134a_5.jar;C:\Users\bpokorny\.m2\repository\org\apache\httpcomponents\httpcore\4.4.16\httpcore-4.4.16.jar;C:\Users\bpokorny\.m2\repository\org\apache\httpcomponents\httpcore-nio\4.4.16\httpcore-nio-4.4.16.jar;C:\Users\bpokorny\.m2\repository\org\apache\httpcomponents\httpclient\4.5.14\httpclient-4.5.14.jar;C:\Users\bpokorny\.m2\repository\org\apache\httpcomponents\httpmime\4.5.14\httpmime-4.5.14.jar;C:\Users\bpokorny\.m2\repository\org\apache\httpcomponents\fluent-hc\4.5.14\fluent-hc-4.5.14.jar;C:\Users\bpokorny\.m2\repository\org\apache\httpcomponents\httpclient-cache\4.5.14\httpclient-cache-4.5.14.jar;C:\Users\bpokorny\.m2\repository\org\apache\httpcomponents\httpasyncclient\4.1.5\httpasyncclient-4.1.5.jar;C:\Users\bpokorny\.m2\repository\org\apache\httpcomponents\httpasyncclient-cache\4.1.5\httpasyncclient-cache-4.1.5.jar;C:\Users\bpokorny\.m2\repository\io\jenkins\plugins\jakarta-mail-api\2.0.1-3\jakarta-mail-api-2.0.1-3.jar;C:\Users\bpokorny\.m2\repository\com\sun\mail\jakarta.mail\2.0.1\jakarta.mail-2.0.1.jar;C:\Users\bpokorny\.m2\repository\io\jenkins\plugins\jakarta-activation-api\2.0.1-3\jakarta-activation-api-2.0.1-3.jar;C:\Users\bpokorny\.m2\repository\com\sun\activation\jakarta.activation\2.0.1\jakarta.activation-2.0.1.jar;C:\Users\bpokorny\.m2\repository\org\jenkins-ci\plugins\workflow\workflow-cps\3726.v83f8cff396c9\workflow-cps-3726.v83f8cff396c9.jar;C:\Users\bpokorny\.m2\repository\io\jenkins\plugins\ionicons-api\56.v1b_1c8c49374e\ionicons-api-56.v1b_1c8c49374e.jar;C:\Users\bpokorny\.m2\repository\org\jenkins-ci\plugins\workflow\workflow-support\848.v5a_383b_d14921\workflow-support-848.v5a_383b_d14921.jar;C:\Users\bpokorny\.m2\repository\io\jenkins\plugins\caffeine-api\3.1.6-115.vb_8b_b_328e59d8\caffeine-api-3.1.6-115.vb_8b_b_328e59d8.jar;C:\Users\bpokorny\.m2\repository\com\github\ben-manes\caffeine\caffeine\3.1.6\caffeine-3.1.6.jar;C:\Users\bpokorny\.m2\repository\org\jboss\marshalling\jboss-marshalling-river\2.1.0.Final\jboss-marshalling-river-2.1.0.Final.jar;C:\Users\bpokorny\.m2\repository\org\jboss\marshalling\jboss-marshalling\2.1.0.Final\jboss-marshalling-2.1.0.Final.jar;C:\Users\bpokorny\.m2\repository\org\jenkins-ci\plugins\workflow\workflow-scm-step\415.v434365564324\workflow-scm-step-415.v434365564324.jar;C:\Users\bpokorny\.m2\repository\org\jenkins-ci\plugins\script-security\1251.vfe552ed55f8d\script-security-1251.vfe552ed55f8d.jar;C:\Users\bpokorny\.m2\repository\org\kohsuke\groovy-sandbox\1.33\groovy-sandbox-1.33.jar;C:\Users\bpokorny\.m2\repository\org\jenkins-ci\plugins\scm-api\676.v886669a_199a_a_\scm-api-676.v886669a_199a_a_.jar;C:\Users\bpokorny\.m2\repository\com\cloudbees\groovy-cps\3726.v83f8cff396c9\groovy-cps-3726.v83f8cff396c9.jar;C:\Users\bpokorny\.m2\repository\com\cloudbees\diff4j\1.3\diff4j-1.3.jar;C:\Users\bpokorny\.m2\repository\org\jenkins-ci\plugins\workflow\workflow-durable-task-step\1275.vb_30a_a_ca_96879\workflow-durable-task-step-1275.vb_30a_a_ca_96879.jar;C:\Users\bpokorny\.m2\repository\org\jenkins-ci\plugins\durable-task\513.vc48a_a_075a_d93\durable-task-513.vc48a_a_075a_d93.jar;C:\Users\bpokorny\.m2\repository\io\jenkins\plugins\lib-durable-task\40.vc66cf8fb_4613\lib-durable-task-40.vc66cf8fb_4613.jar;C:\Users\bpokorny\.m2\repository\org\jenkins-ci\plugins\workflow\workflow-job\1316.vd2290d3341a_f\workflow-job-1316.vd2290d3341a_f.jar;C:\Users\bpokorny\.m2\repository\org\jenkins-ci\main\jenkins-core\2.387.3\jenkins-core-2.387.3.jar;C:\Users\bpokorny\.m2\repository\org\jenkins-ci\main\cli\2.387.3\cli-2.387.3.jar;C:\Users\bpokorny\.m2\repository\org\jenkins-ci\main\remoting\3107.v665000b_51092\remoting-3107.v665000b_51092.jar;C:\Users\bpokorny\.m2\repository\args4j\args4j\2.33\args4j-2.33.jar;C:\Users\bpokorny\.m2\repository\com\github\spotbugs\spotbugs-annotations\4.7.3\spotbugs-annotations-4.7.3.jar;C:\Users\bpokorny\.m2\repository\com\google\guava\guava\31.1-jre\guava-31.1-jre.jar;C:\Users\bpokorny\.m2\repository\com\google\guava\failureaccess\1.0.1\failureaccess-1.0.1.jar;C:\Users\bpokorny\.m2\repository\com\google\guava\listenablefuture\9999.0-empty-to-avoid-conflict-with-guava\listenablefuture-9999.0-empty-to-avoid-conflict-with-guava.jar;C:\Users\bpokorny\.m2\repository\com\google\code\findbugs\jsr305\3.0.1\jsr305-3.0.1.jar;C:\Users\bpokorny\.m2\repository\com\google\inject\guice\5.1.0\guice-5.1.0.jar;C:\Users\bpokorny\.m2\repository\javax\inject\javax.inject\1\javax.inject-1.jar;C:\Users\bpokorny\.m2\repository\com\infradna\tool\bridge-method-annotation\1.25\bridge-method-annotation-1.25.jar;C:\Users\bpokorny\.m2\repository\com\jcraft\jzlib\1.1.3-kohsuke-1\jzlib-1.1.3-kohsuke-1.jar;C:\Users\bpokorny\.m2\repository\com\sun\solaris\embedded_su4j\1.1\embedded_su4j-1.1.jar;C:\Users\bpokorny\.m2\repository\com\sun\xml\txw2\txw2\20110809\txw2-20110809.jar;C:\Users\bpokorny\.m2\repository\relaxngDatatype\relaxngDatatype\20020414\relaxngDatatype-20020414.jar;C:\Users\bpokorny\.m2\repository\com\thoughtworks\xstream\xstream\1.4.20\xstream-1.4.20.jar;C:\Users\bpokorny\.m2\repository\io\github\x-stream\mxparser\1.2.2\mxparser-1.2.2.jar;C:\Users\bpokorny\.m2\repository\commons-beanutils\commons-beanutils\1.9.4\commons-beanutils-1.9.4.jar;C:\Users\bpokorny\.m2\repository\commons-codec\commons-codec\1.15\commons-codec-1.15.jar;C:\Users\bpokorny\.m2\repository\commons-collections\commons-collections\3.2.2\commons-collections-3.2.2.jar;C:\Users\bpokorny\.m2\repository\commons-fileupload\commons-fileupload\1.5\commons-fileupload-1.5.jar;C:\Users\bpokorny\.m2\repository\commons-io\commons-io\2.11.0\commons-io-2.11.0.jar;C:\Users\bpokorny\.m2\repository\commons-jelly\commons-jelly-tags-fmt\1.0\commons-jelly-tags-fmt-1.0.jar;C:\Users\bpokorny\.m2\repository\commons-jelly\commons-jelly-tags-xml\1.1\commons-jelly-tags-xml-1.1.jar;C:\Users\bpokorny\.m2\repository\commons-lang\commons-lang\2.6\commons-lang-2.6.jar;C:\Users\bpokorny\.m2\repository\io\jenkins\stapler\jenkins-stapler-support\1.1\jenkins-stapler-support-1.1.jar;C:\Users\bpokorny\.m2\repository\jakarta\servlet\jsp\jstl\jakarta.servlet.jsp.jstl-api\1.2.7\jakarta.servlet.jsp.jstl-api-1.2.7.jar;C:\Users\bpokorny\.m2\repository\jaxen\jaxen\2.0.0\jaxen-2.0.0.jar;C:\Users\bpokorny\.m2\repository\jline\jline\2.14.6\jline-2.14.6.jar;C:\Users\bpokorny\.m2\repository\net\java\dev\jna\jna\5.12.1\jna-5.12.1.jar;C:\Users\bpokorny\.m2\repository\net\java\sezpoz\sezpoz\1.13\sezpoz-1.13.jar;C:\Users\bpokorny\.m2\repository\net\jcip\jcip-annotations\1.0\jcip-annotations-1.0.jar;C:\Users\bpokorny\.m2\repository\net\sf\kxml\kxml2\2.3.0\kxml2-2.3.0.jar;C:\Users\bpokorny\.m2\repository\org\antlr\antlr4-runtime\4.11.1\antlr4-runtime-4.11.1.jar;C:\Users\bpokorny\.m2\repository\org\apache\ant\ant\1.10.12\ant-1.10.12.jar;C:\Users\bpokorny\.m2\repository\org\apache\ant\ant-launcher\1.10.12\ant-launcher-1.10.12.jar;C:\Users\bpokorny\.m2\repository\org\apache\commons\commons-compress\1.22\commons-compress-1.22.jar;C:\Users\bpokorny\.m2\repository\org\codehaus\groovy\groovy-all\2.4.21\groovy-all-2.4.21.jar;C:\Users\bpokorny\.m2\repository\org\connectbot\jbcrypt\jbcrypt\1.0.0\jbcrypt-1.0.0.jar;C:\Users\bpokorny\.m2\repository\org\fusesource\jansi\jansi\1.11\jansi-1.11.jar;C:\Users\bpokorny\.m2\repository\org\jenkins-ci\annotation-indexer\1.17\annotation-indexer-1.17.jar;C:\Users\bpokorny\.m2\repository\org\jenkins-ci\commons-jexl\1.1-jenkins-20111212\commons-jexl-1.1-jenkins-20111212.jar;C:\Users\bpokorny\.m2\repository\org\jenkins-ci\crypto-util\1.8\crypto-util-1.8.jar;C:\Users\bpokorny\.m2\repository\org\jenkins-ci\memory-monitor\1.12\memory-monitor-1.12.jar;C:\Users\bpokorny\.m2\repository\org\jenkins-ci\symbol-annotation\1.24\symbol-annotation-1.24.jar;C:\Users\bpokorny\.m2\repository\org\jenkins-ci\task-reactor\1.8\task-reactor-1.8.jar;C:\Users\bpokorny\.m2\repository\org\jenkins-ci\version-number\1.11\version-number-1.11.jar;C:\Users\bpokorny\.m2\repository\org\jenkins-ci\main\websocket-spi\2.387.3\websocket-spi-2.387.3.jar;C:\Users\bpokorny\.m2\repository\org\jfree\jfreechart\1.0.19\jfreechart-1.0.19.jar;C:\Users\bpokorny\.m2\repository\org\jfree\jcommon\1.0.23\jcommon-1.0.23.jar;C:\Users\bpokorny\.m2\repository\org\jvnet\hudson\commons-jelly-tags-define\1.0.1-hudson-20071021\commons-jelly-tags-define-1.0.1-hudson-20071021.jar;C:\Users\bpokorny\.m2\repository\org\jvnet\localizer\localizer\1.31\localizer-1.31.jar;C:\Users\bpokorny\.m2\repository\org\jvnet\robust-http-client\robust-http-client\1.2\robust-http-client-1.2.jar;C:\Users\bpokorny\.m2\repository\org\jvnet\winp\winp\1.30\winp-1.30.jar;C:\Users\bpokorny\.m2\repository\org\kohsuke\access-modifier-annotation\1.30\access-modifier-annotation-1.30.jar;C:\Users\bpokorny\.m2\repository\org\kohsuke\windows-package-checker\1.2\windows-package-checker-1.2.jar;C:\Users\bpokorny\.m2\repository\org\kohsuke\jinterop\j-interop\2.0.8-kohsuke-1\j-interop-2.0.8-kohsuke-1.jar;C:\Users\bpokorny\.m2\repository\org\kohsuke\jinterop\j-interopdeps\2.0.8-kohsuke-1\j-interopdeps-2.0.8-kohsuke-1.jar;C:\Users\bpokorny\.m2\repository\org\samba\jcifs\jcifs\1.3.18-kohsuke-1\jcifs-1.3.18-kohsuke-1.jar;C:\Users\bpokorny\.m2\repository\org\kohsuke\stapler\json-lib\2.4-jenkins-3\json-lib-2.4-jenkins-3.jar;C:\Users\bpokorny\.m2\repository\net\sf\ezmorph\ezmorph\1.0.6\ezmorph-1.0.6.jar;C:\Users\bpokorny\.m2\repository\org\kohsuke\stapler\stapler\1756.1758.v13fcdc2c8c34\stapler-1756.1758.v13fcdc2c8c34.jar;C:\Users\bpokorny\.m2\repository\commons-discovery\commons-discovery\0.5\commons-discovery-0.5.jar;C:\Users\bpokorny\.m2\repository\jakarta\annotation\jakarta.annotation-api\2.1.1\jakarta.annotation-api-2.1.1.jar;C:\Users\bpokorny\.m2\repository\javax\annotation\javax.annotation-api\1.3.2\javax.annotation-api-1.3.2.jar;C:\Users\bpokorny\.m2\repository\org\jvnet\tiger-types\2.2\tiger-types-2.2.jar;C:\Users\bpokorny\.m2\repository\org\kohsuke\stapler\stapler-adjunct-codemirror\1.3\stapler-adjunct-codemirror-1.3.jar;C:\Users\bpokorny\.m2\repository\org\kohsuke\stapler\stapler-adjunct-timeline\1.5\stapler-adjunct-timeline-1.5.jar;C:\Users\bpokorny\.m2\repository\org\kohsuke\stapler\stapler-groovy\1756.1758.v13fcdc2c8c34\stapler-groovy-1756.1758.v13fcdc2c8c34.jar;C:\Users\bpokorny\.m2\repository\org\kohsuke\stapler\stapler-jelly\1756.1758.v13fcdc2c8c34\stapler-jelly-1756.1758.v13fcdc2c8c34.jar;C:\Users\bpokorny\.m2\repository\org\dom4j\dom4j\2.1.3\dom4j-2.1.3.jar;C:\Users\bpokorny\.m2\repository\org\jenkins-ci\commons-jelly\1.1-jenkins-20220630\commons-jelly-1.1-jenkins-20220630.jar;C:\Users\bpokorny\.m2\repository\org\ow2\asm\asm\9.4\asm-9.4.jar;C:\Users\bpokorny\.m2\repository\org\ow2\asm\asm-analysis\9.4\asm-analysis-9.4.jar;C:\Users\bpokorny\.m2\repository\org\ow2\asm\asm-commons\9.4\asm-commons-9.4.jar;C:\Users\bpokorny\.m2\repository\org\ow2\asm\asm-tree\9.4\asm-tree-9.4.jar;C:\Users\bpokorny\.m2\repository\org\ow2\asm\asm-util\9.4\asm-util-9.4.jar;C:\Users\bpokorny\.m2\repository\org\slf4j\jcl-over-slf4j\2.0.6\jcl-over-slf4j-2.0.6.jar;C:\Users\bpokorny\.m2\repository\org\slf4j\slf4j-api\2.0.6\slf4j-api-2.0.6.jar;C:\Users\bpokorny\.m2\repository\org\slf4j\log4j-over-slf4j\2.0.6\log4j-over-slf4j-2.0.6.jar;C:\Users\bpokorny\.m2\repository\org\springframework\security\spring-security-web\5.8.1\spring-security-web-5.8.1.jar;C:\Users\bpokorny\.m2\repository\org\springframework\security\spring-security-core\5.8.1\spring-security-core-5.8.1.jar;C:\Users\bpokorny\.m2\repository\org\springframework\security\spring-security-crypto\5.8.1\spring-security-crypto-5.8.1.jar;C:\Users\bpokorny\.m2\repository\org\springframework\spring-core\5.3.24\spring-core-5.3.24.jar;C:\Users\bpokorny\.m2\repository\org\springframework\spring-aop\5.3.24\spring-aop-5.3.24.jar;C:\Users\bpokorny\.m2\repository\org\springframework\spring-beans\5.3.24\spring-beans-5.3.24.jar;C:\Users\bpokorny\.m2\repository\org\springframework\spring-context\5.3.24\spring-context-5.3.24.jar;C:\Users\bpokorny\.m2\repository\org\springframework\spring-expression\5.3.24\spring-expression-5.3.24.jar;C:\Users\bpokorny\.m2\repository\org\springframework\spring-web\5.3.24\spring-web-5.3.24.jar;C:\Users\bpokorny\.m2\repository\xpp3\xpp3\1.1.4c\xpp3-1.1.4c.jar;C:\Users\bpokorny\.m2\repository\org\jenkins-ci\main\jenkins-war\2.387.3\jenkins-war-2.387.3.war;C:\Users\bpokorny\.m2\repository\org\jenkins-ci\main\websocket-jetty10\2.387.3\websocket-jetty10-2.387.3.jar;C:\Users\bpokorny\.m2\repository\org\kohsuke\metainf-services\metainf-services\1.9\metainf-services-1.9.jar;C:\Users\bpokorny\.m2\repository\org\jenkins-ci\main\websocket-jetty9\2.387.3\websocket-jetty9-2.387.3.jar;C:\Users\bpokorny\.m2\repository\org\slf4j\slf4j-jdk14\2.0.6\slf4j-jdk14-2.0.6.jar;C:\Users\bpokorny\.m2\repository\jakarta\servlet\jakarta.servlet-api\4.0.4\jakarta.servlet-api-4.0.4.jar;C:\Users\bpokorny\.m2\repository\commons-logging\commons-logging\1.2\commons-logging-1.2.jar;C:\Users\bpokorny\.m2\repository\org\jenkins-ci\main\jenkins-test-harness\2034.v41c9cb_349299\jenkins-test-harness-2034.v41c9cb_349299.jar;C:\Users\bpokorny\.m2\repository\io\jenkins\lib\support-log-formatter\1.2\support-log-formatter-1.2.jar;C:\Users\bpokorny\.m2\repository\junit\junit\4.13.2\junit-4.13.2.jar;C:\Users\bpokorny\.m2\repository\org\hamcrest\hamcrest-core\2.2\hamcrest-core-2.2.jar;C:\Users\bpokorny\.m2\repository\org\eclipse\jetty\jetty-security\10.0.15\jetty-security-10.0.15.jar;C:\Users\bpokorny\.m2\repository\org\eclipse\jetty\jetty-server\10.0.15\jetty-server-10.0.15.jar;C:\Users\bpokorny\.m2\repository\org\eclipse\jetty\jetty-http\10.0.15\jetty-http-10.0.15.jar;C:\Users\bpokorny\.m2\repository\org\eclipse\jetty\jetty-io\10.0.15\jetty-io-10.0.15.jar;C:\Users\bpokorny\.m2\repository\org\eclipse\jetty\jetty-webapp\10.0.15\jetty-webapp-10.0.15.jar;C:\Users\bpokorny\.m2\repository\org\eclipse\jetty\jetty-servlet\10.0.15\jetty-servlet-10.0.15.jar;C:\Users\bpokorny\.m2\repository\org\eclipse\jetty\jetty-xml\10.0.15\jetty-xml-10.0.15.jar;C:\Users\bpokorny\.m2\repository\org\eclipse\jetty\jetty-util\10.0.15\jetty-util-10.0.15.jar;C:\Users\bpokorny\.m2\repository\org\eclipse\jetty\websocket\websocket-jetty-server\10.0.15\websocket-jetty-server-10.0.15.jar;C:\Users\bpokorny\.m2\repository\org\eclipse\jetty\websocket\websocket-jetty-api\10.0.15\websocket-jetty-api-10.0.15.jar;C:\Users\bpokorny\.m2\repository\org\eclipse\jetty\websocket\websocket-jetty-common\10.0.15\websocket-jetty-common-10.0.15.jar;C:\Users\bpokorny\.m2\repository\org\eclipse\jetty\websocket\websocket-core-common\10.0.15\websocket-core-common-10.0.15.jar;C:\Users\bpokorny\.m2\repository\org\eclipse\jetty\websocket\websocket-servlet\10.0.15\websocket-servlet-10.0.15.jar;C:\Users\bpokorny\.m2\repository\org\eclipse\jetty\websocket\websocket-core-server\10.0.15\websocket-core-server-10.0.15.jar;C:\Users\bpokorny\.m2\repository\org\eclipse\jetty\toolchain\jetty-servlet-api\4.0.6\jetty-servlet-api-4.0.6.jar;C:\Users\bpokorny\.m2\repository\org\hamcrest\hamcrest\2.2\hamcrest-2.2.jar;C:\Users\bpokorny\.m2\repository\org\jenkins-ci\main\jenkins-test-harness-htmlunit\147.va_2415a_7c06a_0\jenkins-test-harness-htmlunit-147.va_2415a_7c06a_0.jar;C:\Users\bpokorny\.m2\repository\org\junit\jupiter\junit-jupiter-api\5.9.3\junit-jupiter-api-5.9.3.jar;C:\Users\bpokorny\.m2\repository\org\opentest4j\opentest4j\1.2.0\opentest4j-1.2.0.jar;C:\Users\bpokorny\.m2\repository\org\junit\platform\junit-platform-commons\1.9.3\junit-platform-commons-1.9.3.jar;C:\Users\bpokorny\.m2\repository\org\netbeans\modules\org-netbeans-insane\RELEASE180\org-netbeans-insane-RELEASE180.jar;C:\Users\bpokorny\.m2\repository\org\openjdk\jmh\jmh-core\1.36\jmh-core-1.36.jar;C:\Users\bpokorny\.m2\repository\net\sf\jopt-simple\jopt-simple\5.0.4\jopt-simple-5.0.4.jar;C:\Users\bpokorny\.m2\repository\org\apache\commons\commons-math3\3.2\commons-math3-3.2.jar;C:\Users\bpokorny\.m2\repository\org\openjdk\jmh\jmh-generator-annprocess\1.36\jmh-generator-annprocess-1.36.jar;C:\Users\bpokorny\.m2\repository\org\jenkins-ci\test-annotations\1.4\test-annotations-1.4.jar;C:\Users\bpokorny\.m2\repository\org\junit\jupiter\junit-jupiter\5.9.3\junit-jupiter-5.9.3.jar;C:\Users\bpokorny\.m2\repository\org\junit\jupiter\junit-jupiter-params\5.9.3\junit-jupiter-params-5.9.3.jar;C:\Users\bpokorny\.m2\repository\org\junit\jupiter\junit-jupiter-engine\5.9.3\junit-jupiter-engine-5.9.3.jar;C:\Users\bpokorny\.m2\repository\org\junit\vintage\junit-vintage-engine\5.9.3\junit-vintage-engine-5.9.3.jar;C:\Users\bpokorny\.m2\repository\org\junit\platform\junit-platform-engine\1.9.3\junit-platform-engine-1.9.3.jar;C:\Users\bpokorny\.m2\repository\org\apiguardian\apiguardian-api\1.1.2\apiguardian-api-1.1.2.jar;"/>
    <property name="sun.cpu.endian" value="little"/>
    <property name="mail.smtps.sendpartial" value="true"/>
    <property name="user.home" value="C:\Users\bpokorny"/>
    <property name="user.language" value="en"/>
    <property name="java.specification.vendor" value="Oracle Corporation"/>
    <property name="java.version.date" value="2023-04-18"/>
    <property name="java.home" value="C:\Program Files\Eclipse Adoptium\jdk-11.0.19.7-hotspot"/>
    <property name="surefire.forkNumber" value="1"/>
    <property name="file.separator" value="\"/>
    <property name="basedir" value="C:\dev\Java_Dev\Hello-world-plugin\hello-world-pipeline\demo"/>
    <property name="java.vm.compressedOopsMode" value="32-bit"/>
    <property name="line.separator" value="&#10;"/>
    <property name="java.specification.name" value="Java Platform API Specification"/>
    <property name="java.vm.specification.vendor" value="Oracle Corporation"/>
    <property name="java.awt.graphicsenv" value="sun.awt.Win32GraphicsEnvironment"/>
    <property name="java.awt.headless" value="true"/>
    <property name="org.eclipse.jetty.server.Request.maxFormContentSize" value="-1"/>
    <property name="surefire.real.class.path" value="C:\Users\bpokorny\AppData\Local\Temp\surefire5842557439920270867\surefirebooter-20230816104204010_3.jar"/>
    <property name="user.script" value=""/>
    <property name="sun.management.compiler" value="HotSpot 64-Bit Tiered Compilers"/>
    <property name="java.runtime.version" value="11.0.19+7"/>
    <property name="user.name" value="bpokorny"/>
    <property name="path.separator" value=";"/>
    <property name="os.version" value="10.0"/>
    <property name="java.runtime.name" value="OpenJDK Runtime Environment"/>
    <property name="file.encoding" value="Cp1252"/>
    <property name="jnidispatch.path" value="C:\dev\Java_Dev\Hello-world-plugin\hello-world-pipeline\demo\target\tmp\jna--1402009448\jna10639745370708773929.dll"/>
    <property name="java.vm.name" value="OpenJDK 64-Bit Server VM"/>
    <property name="java.vendor.version" value="Temurin-11.0.19+7"/>
    <property name="mail.smtp.sendpartial" value="true"/>
    <property name="localRepository" value="C:\Users\bpokorny\.m2\repository"/>
    <property name="jna.loaded" value="true"/>
    <property name="java.vendor.url.bug" value="https://github.com/adoptium/adoptium-support/issues"/>
    <property name="jetty.git.hash" value="68017dbd00236bb7e187330d7585a059610f661d"/>
    <property name="java.io.tmpdir" value="C:\dev\Java_Dev\Hello-world-plugin\hello-world-pipeline\demo\target/tmp"/>
    <property name="java.version" value="11.0.19"/>
    <property name="user.dir" value="C:\dev\Java_Dev\Hello-world-plugin\hello-world-pipeline\demo"/>
    <property name="os.arch" value="amd64"/>
    <property name="jenkins.model.Jenkins.SHOW_STACK_TRACE" value="true"/>
    <property name="java.vm.specification.name" value="Java Virtual Machine Specification"/>
    <property name="java.awt.printerjob" value="sun.awt.windows.WPrinterJob"/>
    <property name="sun.os.patch.level" value=""/>
    <property name="java.library.path" value="C:\Program Files\Eclipse Adoptium\jdk-11.0.19.7-hotspot\bin;C:\Windows\Sun\Java\bin;C:\Windows\system32;C:\Windows;C:\Program Files\Microsoft Visual Studio\2022\Enterprise\Common7\IDE\CommonExtensions\Microsoft\TestWindow;C:\Program Files\Microsoft Visual Studio\2022\Enterprise\Common7\IDE\CommonExtensions\Microsoft\TeamFoundation\Team Explorer;C:\Program Files\Microsoft Visual Studio\2022\Enterprise\MSBuild\Current\bin\Roslyn;C:\Program Files\Microsoft Visual Studio\2022\Enterprise\Team Tools\Performance Tools;C:\Program Files (x86)\Microsoft SDKs\Windows\v10.0A\bin\NETFX 4.8 Tools\;C:\Program Files\Microsoft Visual Studio\2022\Enterprise\Common7\IDE\CommonExtensions\Microsoft\FSharp\Tools;C:\Program Files\Microsoft Visual Studio\2022\Enterprise\Common7\IDE\Extensions\Microsoft\CodeCoverage.Console;C:\Program Files (x86)\Windows Kits\10\bin\10.0.20348.0\\x86;C:\Program Files (x86)\Windows Kits\10\bin\\x86;C:\Program Files\Microsoft Visual Studio\2022\Enterprise\\MSBuild\Current\Bin\amd64;C:\Windows\Microsoft.NET\Framework\v4.0.30319;C:\Program Files\Microsoft Visual Studio\2022\Enterprise\Common7\IDE\;C:\Program Files\Microsoft Visual Studio\2022\Enterprise\Common7\Tools\;C:\Program Files\Eclipse Adoptium\jdk-17.0.8.7-hotspot\bin;C:\Program Files\Eclipse Adoptium\jdk-11.0.19.7-hotspot\bin;C:\Program Files (x86)\VMware\VMware Workstation\bin\;C:\Windows\system32;C:\Windows;C:\Windows\System32\Wbem;C:\Windows\System32\WindowsPowerShell\v1.0\;C:\Windows\System32\OpenSSH\;C:\Program Files\dotnet\;C:\Program Files\Microsoft SQL Server\Client SDK\ODBC\170\Tools\Binn\;C:\Program Files\Microsoft SQL Server\150\Tools\Binn\;C:\Program Files\Docker\Docker\resources\bin;C:\Program Files (x86)\NVIDIA Corporation\PhysX\Common;C:\Program Files (x86)\Maven\apache-maven-3.9.3\bin;C:\Program Files\Git\cmd;C:\Users\bpokorny\AppData\Local\Microsoft\WindowsApps;C:\Users\bpokorny\AppData\Local\Programs\Microsoft VS Code\bin;C:\Users\bpokorny\.dotnet\tools;C:\Program Files\Microsoft Visual Studio\2022\Enterprise\Common7\IDE\VC\Linux\bin\ConnectionManagerExe;."/>
    <property name="java.vm.info" value="mixed mode"/>
    <property name="java.vendor" value="Eclipse Adoptium"/>
    <property name="java.vm.version" value="11.0.19+7"/>
    <property name="sun.io.unicode.encoding" value="UnicodeLittle"/>
    <property name="java.class.version" value="55.0"/>
  </properties>
  <testcase name="" classname="org.jvnet.hudson.test.JellyTestSuiteBuilder$JellyCheck" time="0.025">
    <system-out><![CDATA[Running tests for io.jenkins.plugins:demo:1.0-SNAPSHOT
]]></system-out>
    <system-err><![CDATA[Aug 16, 2023 10:42:05 AM org.jvnet.hudson.test.WarExploder explode
INFO: Exploding C:\Users\bpokorny\.m2\repository\org\jenkins-ci\main\jenkins-war\2.387.3\jenkins-war-2.387.3.war into C:\dev\Java_Dev\Hello-world-plugin\hello-world-pipeline\demo\target\jenkins-for-test
Aug 16, 2023 10:42:09 AM org.eclipse.jetty.server.handler.ContextHandler setContextPath
WARNING: Empty contextPath
Aug 16, 2023 10:42:09 AM org.eclipse.jetty.server.Server doStart
INFO: jetty-10.0.15; built: 2023-04-11T17:25:14.480Z; git: 68017dbd00236bb7e187330d7585a059610f661d; jvm 11.0.19+7
Aug 16, 2023 10:42:09 AM org.eclipse.jetty.webapp.StandardDescriptorProcessor visitServlet
INFO: NO JSP Support for /, did not find org.eclipse.jetty.jsp.JettyJspServlet
Aug 16, 2023 10:42:09 AM org.eclipse.jetty.server.session.DefaultSessionIdManager doStart
INFO: Session workerName=node0
Aug 16, 2023 10:42:09 AM org.eclipse.jetty.server.handler.ContextHandler doStart
INFO: Started o.e.j.w.WebAppContext@7026b7ee{Jenkins v2.387.3,/,file:///C:/dev/Java_Dev/Hello-world-plugin/hello-world-pipeline/demo/target/jenkins-for-test/,AVAILABLE}{C:\dev\Java_Dev\Hello-world-plugin\hello-world-pipeline\demo\target\jenkins-for-test}
Aug 16, 2023 10:42:09 AM org.eclipse.jetty.server.AbstractConnector doStart
INFO: Started ServerConnector@71870da7{HTTP/1.1, (http/1.1)}{localhost:58028}
Aug 16, 2023 10:42:09 AM org.eclipse.jetty.server.Server doStart
INFO: Started Server@54f66455{STARTING}[10.0.15,sto=0] @5807ms
Aug 16, 2023 10:42:10 AM jenkins.InitReactorRunner$1 onAttained
INFO: Started initialization
Aug 16, 2023 10:42:11 AM hudson.PluginManager considerDetachedPlugin
INFO: Loading a detached plugin as a dependency: C:\dev\Java_Dev\Hello-world-plugin\hello-world-pipeline\demo\target\tmp\jenkins516873292106759856\plugins\javax-activation-api.jpi
Aug 16, 2023 10:42:11 AM hudson.PluginManager considerDetachedPlugin
INFO: Loading a detached plugin as a dependency: C:\dev\Java_Dev\Hello-world-plugin\hello-world-pipeline\demo\target\tmp\jenkins516873292106759856\plugins\javax-mail-api.jpi
Aug 16, 2023 10:42:11 AM jenkins.InitReactorRunner$1 onAttained
INFO: Listed all plugins
Aug 16, 2023 10:42:11 AM jenkins.bouncycastle.api.BouncyCastlePlugin start
INFO: C:\dev\Java_Dev\Hello-world-plugin\hello-world-pipeline\demo\target\tmp\j h9170086600539675233\plugins\bouncycastle-api\WEB-INF\optional-lib not found; for non RealJenkinsRule this is fine and can be ignored.
Aug 16, 2023 10:42:12 AM jenkins.InitReactorRunner$1 onAttained
INFO: Prepared all plugins
Aug 16, 2023 10:42:12 AM jenkins.InitReactorRunner$1 onAttained
INFO: Started all plugins
Aug 16, 2023 10:42:12 AM jenkins.InitReactorRunner$1 onAttained
INFO: Augmented all extensions
Aug 16, 2023 10:42:13 AM jenkins.InitReactorRunner$1 onAttained
INFO: System config loaded
Aug 16, 2023 10:42:13 AM jenkins.InitReactorRunner$1 onAttained
INFO: System config adapted
Aug 16, 2023 10:42:13 AM jenkins.InitReactorRunner$1 onAttained
INFO: Loaded all jobs
Aug 16, 2023 10:42:13 AM jenkins.InitReactorRunner$1 onAttained
INFO: Configuration for all jobs updated
Aug 16, 2023 10:42:13 AM jenkins.InitReactorRunner$1 onAttained
INFO: Completed initialization
Aug 16, 2023 10:42:13 AM org.eclipse.jetty.server.Server doStart
INFO: jetty-10.0.15; built: 2023-04-11T17:25:14.480Z; git: 68017dbd00236bb7e187330d7585a059610f661d; jvm 11.0.19+7
Aug 16, 2023 10:42:13 AM org.eclipse.jetty.server.session.DefaultSessionIdManager doStart
INFO: Session workerName=node0
Aug 16, 2023 10:42:13 AM org.eclipse.jetty.server.handler.ContextHandler doStart
INFO: Started o.e.j.s.ServletContextHandler@3050ac2f{/,null,AVAILABLE}
Aug 16, 2023 10:42:13 AM org.eclipse.jetty.server.AbstractConnector doStart
INFO: Started ServerConnector@1937eaff{HTTP/1.1, (http/1.1)}{0.0.0.0:58050}
Aug 16, 2023 10:42:13 AM org.eclipse.jetty.server.Server doStart
INFO: Started Server@4b0f2299{STARTING}[10.0.15,sto=0] @9381ms
]]></system-err>
  </testcase>
  <testcase name="" classname="org.jvnet.hudson.test.JellyTestSuiteBuilder$JellyCheck" time="0.097"/>
  <testcase name="testCliSanity" classname="InjectedTest" time="0.01"/>
  <testcase name="testPluginActive" classname="InjectedTest" time="0.0"/>
  <testcase name="" classname="org.jvnet.hudson.test.junit.FailedTest" time="0.001">
    <system-err><![CDATA[Aug 16, 2023 10:42:15 AM org.eclipse.jetty.server.Server doStop
INFO: Stopped Server@54f66455{STOPPING}[10.0.15,sto=0]
Aug 16, 2023 10:42:15 AM org.eclipse.jetty.server.AbstractConnector doStop
INFO: Stopped ServerConnector@71870da7{HTTP/1.1, (http/1.1)}{localhost:0}
Aug 16, 2023 10:42:15 AM org.eclipse.jetty.server.handler.ContextHandler doStop
INFO: Stopped o.e.j.w.WebAppContext@7026b7ee{Jenkins v2.387.3,/,file:///C:/dev/Java_Dev/Hello-world-plugin/hello-world-pipeline/demo/target/jenkins-for-test/,STOPPED}{C:\dev\Java_Dev\Hello-world-plugin\hello-world-pipeline\demo\target\jenkins-for-test}
Aug 16, 2023 10:42:15 AM hudson.lifecycle.Lifecycle onStatusUpdate
INFO: Stopping Jenkins
Aug 16, 2023 10:42:15 AM hudson.lifecycle.Lifecycle onStatusUpdate
INFO: Jenkins stopped
Aug 16, 2023 10:42:15 AM org.jvnet.hudson.test.TemporaryDirectoryAllocator dispose
INFO: deleting C:\dev\Java_Dev\Hello-world-plugin\hello-world-pipeline\demo\target\tmp\j h9170086600539675233
]]></system-err>
  </testcase>
  <testcase name="" classname="org.jvnet.hudson.test.PropertiesTestSuite$PropertiesTest" time="0.001"/>
  <testcase name="" classname="org.jvnet.hudson.test.PropertiesTestSuite$PropertiesTest" time="0.0"/>
  <testcase name="" classname="org.jvnet.hudson.test.PropertiesTestSuite$PropertiesTest" time="0.001"/>
  <testcase name="" classname="org.jvnet.hudson.test.PropertiesTestSuite$PropertiesTest" time="0.001"/>
  <testcase name="" classname="org.jvnet.hudson.test.PropertiesTestSuite$PropertiesTest" time="0.001"/>
  <testcase name="" classname="org.jvnet.hudson.test.PropertiesTestSuite$PropertiesTest" time="0.0"/>
  <testcase name="" classname="org.jvnet.hudson.test.PropertiesTestSuite$PropertiesTest" time="0.0"/>
  <testcase name="" classname="org.jvnet.hudson.test.PropertiesTestSuite$PropertiesTest" time="0.0"/>
  <testcase name="" classname="org.jvnet.hudson.test.PropertiesTestSuite$PropertiesTest" time="0.001"/>
  <testcase name="" classname="org.jvnet.hudson.test.PropertiesTestSuite$PropertiesTest" time="0.001"/>
  <testcase name="" classname="org.jvnet.hudson.test.PropertiesTestSuite$PropertiesTest" time="0.0"/>
  <testcase name="" classname="org.jvnet.hudson.test.PropertiesTestSuite$PropertiesTest" time="0.001"/>
  <testcase name="" classname="org.jvnet.hudson.test.PropertiesTestSuite$PropertiesTest" time="0.0"/>
  <testcase name="" classname="org.jvnet.hudson.test.PropertiesTestSuite$PropertiesTest" time="0.001"/>
  <testcase name="" classname="org.jvnet.hudson.test.PropertiesTestSuite$PropertiesTest" time="0.0"/>
  <testcase name="" classname="org.jvnet.hudson.test.PropertiesTestSuite$PropertiesTest" time="0.001"/>
  <testcase name="" classname="org.jvnet.hudson.test.PropertiesTestSuite$PropertiesTest" time="0.001"/>
  <testcase name="" classname="org.jvnet.hudson.test.PropertiesTestSuite$PropertiesTest" time="0.0"/>
</testsuite>